Base path: D:/Program Files/Editor/Data
Pipe name: \\.\pipe\UnityShaderCompiler-1-14452
Cmd: getPlatforms
Cmd: preprocess
  insize=4796 outsize=2973 ok=1
Cmd: preprocess
  insize=13772 outsize=8527 ok=1
Cmd: preprocess
  insize=8788 outsize=5672 ok=1
Cmd: preprocess
  insize=10393 outsize=5199 ok=1
Cmd: preprocess
  insize=18899 outsize=13767 ok=1
Cmd: preprocess
  insize=6225 outsize=3938 ok=1
Cmd: preprocess
  insize=14105 outsize=9470 ok=1
Cmd: preprocess
  insize=5632 outsize=3551 ok=1
Cmd: preprocess
  insize=3105 outsize=1735 ok=1
Cmd: preprocess
  insize=11516 outsize=5669 ok=1
Cmd: preprocess
  insize=19065 outsize=10312 ok=1
